Arguments: 
  C:\Program Files\nodejs\node.exe C:\Users\da\AppData\Roaming\npm\node_modules\yarn\bin\yarn.js

PATH: 
  C:\ProgramData\Oracle\Java\javapath;C:\Program Files (x86)\Intel\iCLS Client\;C:\Program Files\Intel\iCLS Client\;C:\windows\system32;C:\windows;C:\windows\System32\Wbem;C:\windows\System32\WindowsPowerShell\v1.0\;C:\Program Files (x86)\Intel\Intel(R) Management Engine Components\DAL;C:\Program Files\Intel\Intel(R) Management Engine Components\DAL;C:\Program Files (x86)\Intel\Intel(R) Management Engine Components\IPT;C:\Program Files\Intel\Intel(R) Management Engine Components\IPT;C:\Program Files (x86)\NVIDIA Corporation\PhysX\Common;C:\Program Files\Intel\IntelSGXPSW\bin\x64\Release\;C:\Program Files\Intel\IntelSGXPSW\bin\win32\Release\;C:\WINDOWS\system32;C:\WINDOWS;C:\WINDOWS\System32\Wbem;C:\WINDOWS\System32\WindowsPowerShell\v1.0\;D:\Program Files\TortoiseSVN\bin;C:\Program Files\Intel\WiFi\bin\;C:\Program Files\Common Files\Intel\WirelessCommon\;C:\Users\da\AppData\Local\Android\sdk\platform-tools;C:\Program Files\Java\jdk1.8.0_111\bin;C:\Users\da\AppData\Roaming\nvm;C:\Program Files\nodejs;C:\Ruby23-x64\bin;C:\Program Files\MongoDB\Server\3.6\bin;C:\Users\da\AppData\Local\Microsoft\WindowsApps;C:\Program Files\Java\jdk1.8.0_111\bin;C:\Program Files\Java\jdk1.8.0_111\jre\bin;C:\wamp\bin\mysql\mysql5.5.20\bin;C:\Program Files\Git\bin;C:\Users\da\AppData\Local\Microsoft\WindowsApps;C:\Python34;C:\Python34\Scripts;C:\wamp64\bin\mysql\mysql5.7.14\bin;C:\Users\da\AppData\Local\Programs\Microsoft VS Code\bin;C:\Users\da\AppData\Roaming\npm;C:\Users\da\AppData\Roaming\nvm;C:\Program Files\nodejs

Yarn version: 
  1.15.2

Node version: 
  14.15.4

Platform: 
  win32 x64

Trace: 
  Error: EBUSY: resource busy or locked, copyfile 'C:\Users\da\AppData\Local\Yarn\Cache\v4\npm-moment-2.29.1-b2be769fa31940be9eeea6469c075e35006fa3d3\node_modules\moment\src\lib\utils\is-calendar-spec.js' -> 'F:\mydoc\kphone\class\gz_h5_2103\w6_Redux\node_modules\moment\src\lib\utils\is-calendar-spec.js'

npm manifest: 
  {
    "name": "w5_reactrouter",
    "version": "1.0.0",
    "description": "",
    "main": "webpack.config.js",
    "directories": {
      "doc": "doc"
    },
    "scripts": {
      "test": "echo \"Error: no test specified\" && exit 1",
      "build": "webpack --progress",
      "dev": "webpack server --progress",
      "start": "npm run dev"
    },
    "keywords": [],
    "author": "",
    "license": "ISC",
    "dependencies": {
      "@ant-design/icons": "^4.6.2",
      "antd": "^4.16.7",
      "axios": "^0.21.1",
      "moment": "^2.29.1",
      "react": "^17.0.2",
      "react-dom": "^17.0.2",
      "react-router-dom": "^5.2.0"
    },
    "devDependencies": {
      "@babel/core": "^7.14.6",
      "@babel/plugin-proposal-class-properties": "^7.14.5",
      "@babel/plugin-proposal-decorators": "^7.14.5",
      "@babel/preset-react": "^7.14.5",
      "babel-loader": "^8.2.2",
      "clean-webpack-plugin": "*",
      "css-loader": "^6.0.0",
      "html-webpack-plugin": "^5.3.2",
      "sass": "^1.35.2",
      "sass-loader": "^12.1.0",
      "style-loader": "^3.1.0",
      "webpack": "^5.44.0",
      "webpack-cli": "^4.7.2",
      "webpack-dev-server": "^4.0.0-beta.3"
    }
  }

yarn manifest: 
  No manifest

Lockfile: 
  No lockfile
